[ 06.06.2023 - 17:19:47 ]
    (MSG) [2] SMILExtract: openSMILE starting!
[ 06.06.2023 - 17:19:47 ]
    (MSG) [2] SMILExtract: config file is: /Users/agnieszkalenart/Downloads/opensmile-3.0.0/config/is09-13/IS13_ComParE.conf
[ 06.06.2023 - 17:19:47 ]
    (MSG) [2] cComponentManager: successfully registered 103 component types.
[ 06.06.2023 - 17:19:47 ]
    (MSG) [2] instance 'lldsink': No filename given, disabling this sink component.
[ 06.06.2023 - 17:19:47 ]
    (MSG) [2] instance 'lldhtksink': No filename given, disabling this sink component.
[ 06.06.2023 - 17:19:47 ]
    (MSG) [2] instance 'lldarffsink': No filename given, disabling this sink component.
[ 06.06.2023 - 17:19:47 ]
    (MSG) [2] instance 'csvsink': No filename given, disabling this sink component.
[ 06.06.2023 - 17:19:47 ]
    (MSG) [2] instance 'htksink': No filename given, disabling this sink component.
[ 06.06.2023 - 17:19:47 ]
    (MSG) [2] cComponentManager: successfully finished createInstances (48 component instances were finalised, 1 data memories were finalised)
[ 06.06.2023 - 17:19:47 ]
    (MSG) [2] cComponentManager: starting single thread processing loop
[ 06.06.2023 - 17:19:47 ]
    (WRN) [2] cComponentManager: The following component(s) could not perform any work because destination levels are full but no other component performed any work either: is13_energy is13_audspecSum is13_audspecRastaSum. Processing will possibly be incomplete. For more details, enable the execDebug option of cComponentManager.
[ 06.06.2023 - 17:19:47 ]
    (MSG) [2] cComponentManager: Processing finished! System ran for 207 ticks.
